./Lingo.c:1: MINOR:C-G1
./Lingo.c:1: MINOR:C-G7
./Lingo.c:1: MINOR:C-O4
./Lingo.c:5: MAJOR:C-H1
./Lingo.c:6: MAJOR:C-H1
./Lingo.c:13: MINOR:C-L2
./Lingo.c:14: MINOR:C-L2
./Lingo.c:15: MAJOR:C-C1
./Lingo.c:15: MINOR:C-L2
./Lingo.c:16: MINOR:C-L2
./Lingo.c:17: MAJOR:C-C1
./Lingo.c:17: MINOR:C-L2
./Lingo.c:18: MINOR:C-L2
./Lingo.c:19: MINOR:C-L2
./Lingo.c:29: MAJOR:C-F3
./Lingo.c:31: MINOR:C-L2
./Lingo.c:32: MINOR:C-L2
./Lingo.c:33: MINOR:C-L2
./Lingo.c:34: MINOR:C-L2
./Lingo.c:35: MINOR:C-L2
./Lingo.c:36: MINOR:C-L2
./Lingo.c:37: MINOR:C-L2
./Lingo.c:38: MINOR:C-L2
./Lingo.c:39: MINOR:C-L2
./Lingo.c:40: MINOR:C-L2
./Lingo.c:41: MINOR:C-L2
./Lingo.c:42: MINOR:C-L2
./Lingo.c:46: MAJOR:C-F3
./Lingo.c:51: MINOR:C-L2
./Lingo.c:52: MINOR:C-L2
./Lingo.c:56: MINOR:C-L2
./Lingo.c:57: MINOR:C-L2
./Lingo.c:67: MINOR:C-L2
./Lingo.c:68: MINOR:C-L2
./Lingo.c:82: MINOR:C-L2
./Lingo.c:83: MINOR:C-L2
./a.out:1: MAJOR:C-O1
